  pch.cpp
  BinaryTreeDll.cpp
C:\Users\Lera\Desktop\University\Study\Osi\Lab8\BinaryTreeDll\BinaryTreeDll.cpp(18): warning C4273: writeInFile: несовместимая компоновка dll
  C:\Users\Lera\Desktop\University\Study\Osi\Lab8\BinaryTreeDll\BinaryTreeDll.h(50): note: см. предыдущее определение "writeInFile"
C:\Users\Lera\Desktop\University\Study\Osi\Lab8\BinaryTreeDll\BinaryTreeDll.cpp(23): warning C4273: readInFile: несовместимая компоновка dll
  C:\Users\Lera\Desktop\University\Study\Osi\Lab8\BinaryTreeDll\BinaryTreeDll.h(48): note: см. предыдущее определение "readInFile"
C:\Users\Lera\Desktop\University\Study\Osi\Lab8\BinaryTreeDll\BinaryTreeDll.cpp(53): warning C4273: createNode: несовместимая компоновка dll
  C:\Users\Lera\Desktop\University\Study\Osi\Lab8\BinaryTreeDll\BinaryTreeDll.h(53): note: см. предыдущее определение "createNode"
C:\Users\Lera\Desktop\University\Study\Osi\Lab8\BinaryTreeDll\BinaryTreeDll.cpp(65): warning C4273: BinaryTree::_leftPrint: несовместимая компоновка dll
  C:\Users\Lera\Desktop\University\Study\Osi\Lab8\BinaryTreeDll\BinaryTreeDll.h(27): note: см. предыдущее определение "_leftPrint"
C:\Users\Lera\Desktop\University\Study\Osi\Lab8\BinaryTreeDll\BinaryTreeDll.cpp(73): warning C4273: BinaryTree::getRoot: несовместимая компоновка dll
  C:\Users\Lera\Desktop\University\Study\Osi\Lab8\BinaryTreeDll\BinaryTreeDll.h(34): note: см. предыдущее определение "getRoot"
C:\Users\Lera\Desktop\University\Study\Osi\Lab8\BinaryTreeDll\BinaryTreeDll.cpp(78): warning C4273: BinaryTree::add: несовместимая компоновка dll
  C:\Users\Lera\Desktop\University\Study\Osi\Lab8\BinaryTreeDll\BinaryTreeDll.h(37): note: см. предыдущее определение "add"
C:\Users\Lera\Desktop\University\Study\Osi\Lab8\BinaryTreeDll\BinaryTreeDll.cpp(110): warning C4273: BinaryTree::leftPrint: несовместимая компоновка dll
  C:\Users\Lera\Desktop\University\Study\Osi\Lab8\BinaryTreeDll\BinaryTreeDll.h(40): note: см. предыдущее определение "leftPrint"
C:\Users\Lera\Desktop\University\Study\Osi\Lab8\BinaryTreeDll\BinaryTreeDll.cpp(115): warning C4273: BinaryTree::callAdd: несовместимая компоновка dll
  C:\Users\Lera\Desktop\University\Study\Osi\Lab8\BinaryTreeDll\BinaryTreeDll.h(44): note: см. предыдущее определение "callAdd"
C:\Users\Lera\Desktop\University\Study\Osi\Lab8\BinaryTreeDll\BinaryTreeDll.cpp(143): warning C4273: BinaryTree::BinaryTree: несовместимая компоновка dll
  C:\Users\Lera\Desktop\University\Study\Osi\Lab8\BinaryTreeDll\BinaryTreeDll.h(31): note: см. предыдущее определение "{ctor}"
C:\Users\Lera\Desktop\University\Study\Osi\Lab8\BinaryTreeDll\BinaryTreeDll.cpp(150): warning C4273: BinaryTree::BinaryTree: несовместимая компоновка dll
  C:\Users\Lera\Desktop\University\Study\Osi\Lab8\BinaryTreeDll\BinaryTreeDll.h(32): note: см. предыдущее определение "{ctor}"
  dllmain.cpp
  Создание кода...
     Создается библиотека C:\Users\Lera\Desktop\University\Study\Osi\Lab8\Debug\BinaryTreeDll.lib и объект C:\Users\Lera\Desktop\University\Study\Osi\Lab8\Debug\BinaryTreeDll.exp
  BinaryTreeDll.vcxproj -> C:\Users\Lera\Desktop\University\Study\Osi\Lab8\Debug\BinaryTreeDll.dll
