  pch.cpp
  BinaryTreeDll.cpp
C:\Users\Lera\Desktop\University\Study\Osi\Lab6\BinaryTreeDll\BinaryTreeDll.cpp(19): warning C4273: writeInFile: несовместимая компоновка dll
  C:\Users\Lera\Desktop\University\Study\Osi\Lab6\BinaryTreeDll\BinaryTreeDll.h(37): note: см. предыдущее определение "writeInFile"
C:\Users\Lera\Desktop\University\Study\Osi\Lab6\BinaryTreeDll\BinaryTreeDll.cpp(24): warning C4273: readInFile: несовместимая компоновка dll
  C:\Users\Lera\Desktop\University\Study\Osi\Lab6\BinaryTreeDll\BinaryTreeDll.h(35): note: см. предыдущее определение "readInFile"
C:\Users\Lera\Desktop\University\Study\Osi\Lab6\BinaryTreeDll\BinaryTreeDll.cpp(57): warning C4273: createNode: несовместимая компоновка dll
  C:\Users\Lera\Desktop\University\Study\Osi\Lab6\BinaryTreeDll\BinaryTreeDll.h(40): note: см. предыдущее определение "createNode"
C:\Users\Lera\Desktop\University\Study\Osi\Lab6\BinaryTreeDll\BinaryTreeDll.cpp(69): warning C4273: BinaryTree::_leftPrint: несовместимая компоновка dll
  C:\Users\Lera\Desktop\University\Study\Osi\Lab6\BinaryTreeDll\BinaryTreeDll.h(21): note: см. предыдущее определение "_leftPrint"
C:\Users\Lera\Desktop\University\Study\Osi\Lab6\BinaryTreeDll\BinaryTreeDll.cpp(77): warning C4273: BinaryTree::BinaryTree: несовместимая компоновка dll
  C:\Users\Lera\Desktop\University\Study\Osi\Lab6\BinaryTreeDll\BinaryTreeDll.h(23): note: см. предыдущее определение "{ctor}"
C:\Users\Lera\Desktop\University\Study\Osi\Lab6\BinaryTreeDll\BinaryTreeDll.cpp(83): warning C4273: BinaryTree::getRoot: несовместимая компоновка dll
  C:\Users\Lera\Desktop\University\Study\Osi\Lab6\BinaryTreeDll\BinaryTreeDll.h(25): note: см. предыдущее определение "getRoot"
C:\Users\Lera\Desktop\University\Study\Osi\Lab6\BinaryTreeDll\BinaryTreeDll.cpp(88): warning C4273: BinaryTree::add: несовместимая компоновка dll
  C:\Users\Lera\Desktop\University\Study\Osi\Lab6\BinaryTreeDll\BinaryTreeDll.h(28): note: см. предыдущее определение "add"
C:\Users\Lera\Desktop\University\Study\Osi\Lab6\BinaryTreeDll\BinaryTreeDll.cpp(120): warning C4273: BinaryTree::leftPrint: несовместимая компоновка dll
  C:\Users\Lera\Desktop\University\Study\Osi\Lab6\BinaryTreeDll\BinaryTreeDll.h(31): note: см. предыдущее определение "leftPrint"
  dllmain.cpp
  Создание кода...
     Создается библиотека C:\Users\Lera\Desktop\University\Study\Osi\Lab6\Debug\BinaryTreeDll.lib и объект C:\Users\Lera\Desktop\University\Study\Osi\Lab6\Debug\BinaryTreeDll.exp
  BinaryTreeDll.vcxproj -> C:\Users\Lera\Desktop\University\Study\Osi\Lab6\Debug\BinaryTreeDll.dll
