c:\users\lera\desktop\university\study\osi\gijvostokin\lr5\debug\vc142.pdb
c:\users\lera\desktop\university\study\osi\gijvostokin\lr5\debug\vc142.idb
c:\users\lera\desktop\university\study\osi\gijvostokin\lr5\debug\main.obj
c:\users\lera\desktop\university\study\osi\gijvostokin\lr5\debug\binarytree.obj
c:\users\lera\desktop\university\study\osi\lab5\lr5\debug\vc142.pdb
c:\users\lera\desktop\university\study\osi\lab5\lr5\debug\vc142.idb
c:\users\lera\desktop\university\study\osi\lab5\lr5\debug\main.obj
c:\users\lera\desktop\university\study\osi\lab5\lr5\debug\binarytree.obj
c:\users\lera\desktop\university\study\osi\gijvostokin\debug\lr5.ilk
c:\users\lera\desktop\university\study\osi\gijvostokin\debug\lr5.exe
c:\users\lera\desktop\university\study\osi\gijvostokin\debug\lr5.pdb
c:\users\lera\desktop\university\study\osi\lab5\debug\lr5.exe
c:\users\lera\desktop\university\study\osi\lab5\debug\lr5.ilk
c:\users\lera\desktop\university\study\osi\lab5\debug\lr5.pdb
c:\users\lera\desktop\university\study\osi\lab5\lr5\debug\lr5.tlog\cl.command.1.tlog
c:\users\lera\desktop\university\study\osi\lab5\lr5\debug\lr5.tlog\cl.read.1.tlog
c:\users\lera\desktop\university\study\osi\lab5\lr5\debug\lr5.tlog\cl.write.1.tlog
c:\users\lera\desktop\university\study\osi\lab5\lr5\debug\lr5.tlog\link.command.1.tlog
c:\users\lera\desktop\university\study\osi\lab5\lr5\debug\lr5.tlog\link.read.1.tlog
c:\users\lera\desktop\university\study\osi\lab5\lr5\debug\lr5.tlog\link.write.1.tlog
